01:21:21.944 [main]  INFO  com.intuit.karate - Karate version: 1.4.0-SNAPSHOT
01:21:24.023 [main]  DEBUG com.intuit.karate - request:
1 > POST https://httpbin.org/anything
1 > Content-Type: application/json; charset=UTF-8
1 > Content-Length: 19
1 > Host: httpbin.org
1 > Connection: Keep-Alive
1 > User-Agent: Apache-HttpClient/4.5.14 (Java/17.0.6)
1 > Accept-Encoding: gzip,deflate
{"myKey":"myValue"}

01:21:24.623 [main]  DEBUG com.intuit.karate - response time in milliseconds: 588
1 < 200
1 < Date: Tue, 30 May 2023 01:21:25 GMT
1 < Content-Type: application/json
1 < Content-Length: 522
1 < Connection: keep-alive
1 < Server: gunicorn/19.9.0
1 < Access-Control-Allow-Origin: *
1 < Access-Control-Allow-Credentials: true
{
  "args": {}, 
  "data": "{\"myKey\":\"myValue\"}", 
  "files": {}, 
  "form": {}, 
  "headers": {
    "Accept-Encoding": "gzip,deflate", 
    "Content-Length": "19", 
    "Content-Type": "application/json; charset=UTF-8", 
    "Host": "httpbin.org", 
    "User-Agent": "Apache-HttpClient/4.5.14 (Java/17.0.6)", 
    "X-Amzn-Trace-Id": "Root=1-64754f95-700688ca2941f61b62e53a64"
  }, 
  "json": {
    "myKey": "myValue"
  }, 
  "method": "POST", 
  "origin": "204.199.168.25", 
  "url": "https://httpbin.org/anything"
}


01:21:25.385 [main]  INFO  com.intuit.karate.Suite - <<pass>> feature 1 of 1 (0 remaining) karatedemo/httpbin.feature
01:25:24.097 [main]  INFO  com.intuit.karate - Karate version: 1.4.0-SNAPSHOT
01:25:24.484 [main]  INFO  com.intuit.karate.Suite - backed up existing 'target\karate-reports' dir to: target\karate-reports_1685427924479
01:25:24.511 [main]  INFO  c.intuit.karate.core.FeatureRuntime - found scenario at line: 2
01:25:26.282 [main]  DEBUG com.intuit.karate - request:
1 > POST https://httpbin.org/anything
1 > Content-Type: application/json; charset=UTF-8
1 > Content-Length: 19
1 > Host: httpbin.org
1 > Connection: Keep-Alive
1 > User-Agent: Apache-HttpClient/4.5.14 (Java/17.0.6)
1 > Accept-Encoding: gzip,deflate
{"myKey":"myValue"}

01:25:26.892 [main]  DEBUG com.intuit.karate - response time in milliseconds: 604
1 < 200
1 < Date: Tue, 30 May 2023 01:25:27 GMT
1 < Content-Type: application/json
1 < Content-Length: 522
1 < Connection: keep-alive
1 < Server: gunicorn/19.9.0
1 < Access-Control-Allow-Origin: *
1 < Access-Control-Allow-Credentials: true
{
  "args": {}, 
  "data": "{\"myKey\":\"myValue\"}", 
  "files": {}, 
  "form": {}, 
  "headers": {
    "Accept-Encoding": "gzip,deflate", 
    "Content-Length": "19", 
    "Content-Type": "application/json; charset=UTF-8", 
    "Host": "httpbin.org", 
    "User-Agent": "Apache-HttpClient/4.5.14 (Java/17.0.6)", 
    "X-Amzn-Trace-Id": "Root=1-64755087-3293edac79a1b3f327321d76"
  }, 
  "json": {
    "myKey": "myValue"
  }, 
  "method": "POST", 
  "origin": "204.199.168.25", 
  "url": "https://httpbin.org/anything"
}


01:25:27.597 [main]  INFO  com.intuit.karate.Suite - <<pass>> feature 1 of 1 (0 remaining) entregables/karate/script.feature
